<?xml version="1.0" encoding="UTF-8"?>
<testng-results ignored="0" total="1" passed="1" failed="0" skipped="0">
  <reporter-output>
  </reporter-output>
  <suite started-at="2024-06-09T16:08:05 IST" name="Default suite" finished-at="2024-06-09T16:08:10 IST" duration-ms="4626">
    <groups>
    </groups>
    <test started-at="2024-06-09T16:08:05 IST" name="Default test" finished-at="2024-06-09T16:08:10 IST" duration-ms="4626">
      <class name="CalendarTesting">
        <test-method signature="TestCal()[pri:0, instance:CalendarTesting@3514a4c0]" started-at="2024-06-09T16:08:05 IST" name="TestCal" finished-at="2024-06-09T16:08:10 IST" duration-ms="4589" status="PASS">
          <reporter-output>
          </reporter-output>
        </test-method> <!-- TestCal -->
      </class> <!-- CalendarTesting -->
    </test> <!-- Default test -->
  </suite> <!-- Default suite -->
</testng-results>
